2013/11/04 20:23:42 [error] [exception.CException] exception 'CException' with message 'La proprietà "User"."pass" non è definita.' in C:\wamp\yii-1.1.14.f0fee9\framework\base\CComponent.php:130
Stack trace:
#0 C:\wamp\yii-1.1.14.f0fee9\framework\db\ar\CActiveRecord.php(145): CComponent->__get('pass')
#1 C:\wamp\www\freelancerjob-test\protected\components\UserIdentity.php(24): CActiveRecord->__get('pass')
#2 C:\wamp\www\freelancerjob-test\protected\models\LoginForm.php(52): UserIdentity->authenticate()
#3 C:\wamp\yii-1.1.14.f0fee9\framework\validators\CInlineValidator.php(42): LoginForm->authenticate('password', Array)
#4 C:\wamp\yii-1.1.14.f0fee9\framework\validators\CValidator.php(213): CInlineValidator->validateAttribute(Object(LoginForm), 'password')
#5 C:\wamp\yii-1.1.14.f0fee9\framework\base\CModel.php(159): CValidator->validate(Object(LoginForm), NULL)
#6 C:\wamp\www\freelancerjob-test\protected\controllers\SiteController.php(94): CModel->validate()
#7 C:\wamp\yii-1.1.14.f0fee9\framework\web\actions\CInlineAction.php(49): SiteController->actionLogin()
#8 C:\wamp\yii-1.1.14.f0fee9\framework\web\CController.php(308): CInlineAction->runWithParams(Array)
#9 C:\wamp\yii-1.1.14.f0fee9\framework\web\CController.php(286): CController->runAction(Object(CInlineAction))
#10 C:\wamp\yii-1.1.14.f0fee9\framework\web\CController.php(265): CController->runActionWithFilters(Object(CInlineAction), Array)
#11 C:\wamp\yii-1.1.14.f0fee9\framework\web\CWebApplication.php(282): CController->run('login')
#12 C:\wamp\yii-1.1.14.f0fee9\framework\web\CWebApplication.php(141): CWebApplication->runController('site/login')
#13 C:\wamp\yii-1.1.14.f0fee9\framework\base\CApplication.php(180): CWebApplication->processRequest()
#14 C:\wamp\www\freelancerjob-test\index.php(13): CApplication->run()
#15 {main}
REQUEST_URI=/freelancerjob-test/index.php?r=site/login
HTTP_REFERER=http://localhost/freelancerjob-test/index.php?r=site/login
---
2013/11/04 20:45:13 [error] [php] Declaration of SiteController::beforeAction() should be compatible with CController::beforeAction($action) (C:\wamp\www\freelancerjob-test\protected\controllers\SiteController.php:4)
Stack trace:
#0 C:\wamp\yii-1.1.14.f0fee9\framework\web\CWebApplication.php(141): CWebApplication->runController()
#1 C:\wamp\yii-1.1.14.f0fee9\framework\base\CApplication.php(180): CWebApplication->processRequest()
#2 C:\wamp\www\freelancerjob-test\index.php(13): CWebApplication->run()
REQUEST_URI=/freelancerjob-test/index.php
in C:\wamp\www\freelancerjob-test\protected\controllers\SiteController.php (4)
in C:\wamp\www\freelancerjob-test\index.php (13)
2013/11/04 20:48:25 [error] [php] Declaration of SiteController::beforeAction() should be compatible with CController::beforeAction($action) (C:\wamp\www\freelancerjob-test\protected\controllers\SiteController.php:4)
Stack trace:
#0 C:\wamp\yii-1.1.14.f0fee9\framework\web\CWebApplication.php(141): CWebApplication->runController()
#1 C:\wamp\yii-1.1.14.f0fee9\framework\base\CApplication.php(180): CWebApplication->processRequest()
#2 C:\wamp\www\freelancerjob-test\index.php(13): CWebApplication->run()
REQUEST_URI=/freelancerjob-test/index.php
in C:\wamp\www\freelancerjob-test\protected\controllers\SiteController.php (4)
in C:\wamp\www\freelancerjob-test\index.php (13)
2013/11/04 20:48:35 [error] [php] Declaration of SiteController::beforeAction() should be compatible with CController::beforeAction($action) (C:\wamp\www\freelancerjob-test\protected\controllers\SiteController.php:4)
Stack trace:
#0 C:\wamp\yii-1.1.14.f0fee9\framework\web\CWebApplication.php(141): CWebApplication->runController()
#1 C:\wamp\yii-1.1.14.f0fee9\framework\base\CApplication.php(180): CWebApplication->processRequest()
#2 C:\wamp\www\freelancerjob-test\index.php(13): CWebApplication->run()
REQUEST_URI=/freelancerjob-test/index.php
in C:\wamp\www\freelancerjob-test\protected\controllers\SiteController.php (4)
in C:\wamp\www\freelancerjob-test\index.php (13)
2013/11/04 21:15:27 [error] [system.db.CDbCommand] CDbCommand::fetchAll() failed: SQLSTATE[42S02]: Base table or view not found: 1146 Table 'freelancerjob.tbl_users' doesn't exist. The SQL statement executed was: SHOW FULL COLUMNS FROM `tbl_users`.
in C:\wamp\www\freelancerjob-test\protected\modules\user\controllers\RegistrationController.php (25)
in C:\wamp\www\freelancerjob-test\index.php (13)
2013/11/04 21:15:27 [error] [exception.CDbException] exception 'CDbException' with message 'La tabella "{{users}}" definita nella classe active record "RegistrationForm" non è presente nel DB.' in C:\wamp\yii-1.1.14.f0fee9\framework\db\ar\CActiveRecord.php:2362
Stack trace:
#0 C:\wamp\yii-1.1.14.f0fee9\framework\db\ar\CActiveRecord.php(411): CActiveRecordMetaData->__construct(Object(RegistrationForm))
#1 C:\wamp\yii-1.1.14.f0fee9\framework\db\ar\CActiveRecord.php(79): CActiveRecord->getMetaData()
#2 C:\wamp\www\freelancerjob-test\protected\modules\user\controllers\RegistrationController.php(25): CActiveRecord->__construct()
#3 C:\wamp\yii-1.1.14.f0fee9\framework\web\actions\CInlineAction.php(49): RegistrationController->actionRegistration()
#4 C:\wamp\yii-1.1.14.f0fee9\framework\web\CController.php(308): CInlineAction->runWithParams(Array)
#5 C:\wamp\yii-1.1.14.f0fee9\framework\web\CController.php(286): CController->runAction(Object(CInlineAction))
#6 C:\wamp\yii-1.1.14.f0fee9\framework\web\CController.php(265): CController->runActionWithFilters(Object(CInlineAction), Array)
#7 C:\wamp\yii-1.1.14.f0fee9\framework\web\CWebApplication.php(282): CController->run('')
#8 C:\wamp\yii-1.1.14.f0fee9\framework\web\CWebApplication.php(141): CWebApplication->runController('user/registrati...')
#9 C:\wamp\yii-1.1.14.f0fee9\framework\base\CApplication.php(180): CWebApplication->processRequest()
#10 C:\wamp\www\freelancerjob-test\index.php(13): CApplication->run()
#11 {main}
REQUEST_URI=/freelancerjob-test/index.php?r=user/registration
HTTP_REFERER=http://localhost/freelancerjob-test/index.php
---
2013/11/04 21:15:36 [error] [system.db.CDbCommand] CDbCommand::fetchAll() failed: SQLSTATE[42S02]: Base table or view not found: 1146 Table 'freelancerjob.tbl_users' doesn't exist. The SQL statement executed was: SHOW FULL COLUMNS FROM `tbl_users`.
in C:\wamp\www\freelancerjob-test\protected\modules\user\components\UserIdentity.php (27)
in C:\wamp\www\freelancerjob-test\protected\modules\user\components\UserIdentity.php (27)
in C:\wamp\www\freelancerjob-test\protected\modules\user\models\UserLogin.php (52)
2013/11/04 21:15:36 [error] [exception.CDbException] exception 'CDbException' with message 'La tabella "{{users}}" definita nella classe active record "User" non è presente nel DB.' in C:\wamp\yii-1.1.14.f0fee9\framework\db\ar\CActiveRecord.php:2362
Stack trace:
#0 C:\wamp\yii-1.1.14.f0fee9\framework\db\ar\CActiveRecord.php(411): CActiveRecordMetaData->__construct(Object(User))
#1 C:\wamp\yii-1.1.14.f0fee9\framework\db\ar\CActiveRecord.php(212): CActiveRecord->getMetaData()
#2 C:\wamp\www\freelancerjob-test\protected\modules\user\components\UserIdentity.php(27): CActiveRecord->__call('notsafe', Array)
#3 C:\wamp\www\freelancerjob-test\protected\modules\user\components\UserIdentity.php(27): User->notsafe()
#4 C:\wamp\www\freelancerjob-test\protected\modules\user\models\UserLogin.php(52): UserIdentity->authenticate()
#5 C:\wamp\yii-1.1.14.f0fee9\framework\validators\CInlineValidator.php(42): UserLogin->authenticate('password', Array)
#6 C:\wamp\yii-1.1.14.f0fee9\framework\validators\CValidator.php(213): CInlineValidator->validateAttribute(Object(UserLogin), 'password')
#7 C:\wamp\yii-1.1.14.f0fee9\framework\base\CModel.php(159): CValidator->validate(Object(UserLogin), NULL)
#8 C:\wamp\www\freelancerjob-test\protected\modules\user\controllers\LoginController.php(19): CModel->validate()
#9 C:\wamp\yii-1.1.14.f0fee9\framework\web\actions\CInlineAction.php(49): LoginController->actionLogin()
#10 C:\wamp\yii-1.1.14.f0fee9\framework\web\CController.php(308): CInlineAction->runWithParams(Array)
#11 C:\wamp\yii-1.1.14.f0fee9\framework\web\CController.php(286): CController->runAction(Object(CInlineAction))
#12 C:\wamp\yii-1.1.14.f0fee9\framework\web\CController.php(265): CController->runActionWithFilters(Object(CInlineAction), Array)
#13 C:\wamp\yii-1.1.14.f0fee9\framework\web\CWebApplication.php(282): CController->run('')
#14 C:\wamp\yii-1.1.14.f0fee9\framework\web\CWebApplication.php(141): CWebApplication->runController('user/login')
#15 C:\wamp\yii-1.1.14.f0fee9\framework\base\CApplication.php(180): CWebApplication->processRequest()
#16 C:\wamp\www\freelancerjob-test\index.php(13): CApplication->run()
#17 {main}
REQUEST_URI=/freelancerjob-test/index.php?r=user/login
HTTP_REFERER=http://localhost/freelancerjob-test/index.php?r=user/login
---
2013/11/04 21:21:26 [error] [exception.CException] exception 'CException' with message 'Application web user must extend the RWebUser class.' in C:\wamp\www\freelancerjob-test\protected\modules\rights\components\RInstaller.php:63
Stack trace:
#0 C:\wamp\yii-1.1.14.f0fee9\framework\base\CModule.php(387): RInstaller->init()
#1 C:\wamp\www\freelancerjob-test\protected\modules\rights\RightsModule.php(200): CModule->getComponent('installer')
#2 C:\wamp\www\freelancerjob-test\protected\modules\rights\controllers\InstallController.php(29): RightsModule->getInstaller()
#3 C:\wamp\yii-1.1.14.f0fee9\framework\web\CWebApplication.php(281): InstallController->init()
#4 C:\wamp\yii-1.1.14.f0fee9\framework\web\CWebApplication.php(141): CWebApplication->runController('rights')
#5 C:\wamp\yii-1.1.14.f0fee9\framework\base\CApplication.php(180): CWebApplication->processRequest()
#6 C:\wamp\www\freelancerjob-test\index.php(13): CApplication->run()
#7 {main}
REQUEST_URI=/freelancerjob-test/index.php?r=rights
---
2013/11/04 21:23:37 [error] [exception.CException] exception 'CException' with message 'Application web user must extend the RWebUser class.' in C:\wamp\www\freelancerjob-test\protected\modules\rights\components\RInstaller.php:63
Stack trace:
#0 C:\wamp\yii-1.1.14.f0fee9\framework\base\CModule.php(387): RInstaller->init()
#1 C:\wamp\www\freelancerjob-test\protected\modules\rights\RightsModule.php(200): CModule->getComponent('installer')
#2 C:\wamp\www\freelancerjob-test\protected\modules\rights\controllers\InstallController.php(29): RightsModule->getInstaller()
#3 C:\wamp\yii-1.1.14.f0fee9\framework\web\CWebApplication.php(281): InstallController->init()
#4 C:\wamp\yii-1.1.14.f0fee9\framework\web\CWebApplication.php(141): CWebApplication->runController('rights')
#5 C:\wamp\yii-1.1.14.f0fee9\framework\base\CApplication.php(180): CWebApplication->processRequest()
#6 C:\wamp\www\freelancerjob-test\index.php(13): CApplication->run()
#7 {main}
REQUEST_URI=/freelancerjob-test/index.php/rights
---
2013/11/04 21:24:40 [error] [exception.CException] exception 'CException' with message 'Application web user must extend the RWebUser class.' in C:\wamp\www\freelancerjob-test\protected\modules\rights\components\RInstaller.php:63
Stack trace:
#0 C:\wamp\yii-1.1.14.f0fee9\framework\base\CModule.php(387): RInstaller->init()
#1 C:\wamp\www\freelancerjob-test\protected\modules\rights\RightsModule.php(200): CModule->getComponent('installer')
#2 C:\wamp\www\freelancerjob-test\protected\modules\rights\controllers\InstallController.php(29): RightsModule->getInstaller()
#3 C:\wamp\yii-1.1.14.f0fee9\framework\web\CWebApplication.php(281): InstallController->init()
#4 C:\wamp\yii-1.1.14.f0fee9\framework\web\CWebApplication.php(141): CWebApplication->runController('rights/install')
#5 C:\wamp\yii-1.1.14.f0fee9\framework\base\CApplication.php(180): CWebApplication->processRequest()
#6 C:\wamp\www\freelancerjob-test\index.php(13): CApplication->run()
#7 {main}
REQUEST_URI=/freelancerjob-test/index.php/rights/install
---
2013/11/04 21:25:51 [error] [exception.CException] exception 'CException' with message 'Application web user must extend the RWebUser class.' in C:\wamp\www\freelancerjob-test\protected\modules\rights\components\RInstaller.php:63
Stack trace:
#0 C:\wamp\yii-1.1.14.f0fee9\framework\base\CModule.php(387): RInstaller->init()
#1 C:\wamp\www\freelancerjob-test\protected\modules\rights\RightsModule.php(200): CModule->getComponent('installer')
#2 C:\wamp\www\freelancerjob-test\protected\modules\rights\controllers\InstallController.php(29): RightsModule->getInstaller()
#3 C:\wamp\yii-1.1.14.f0fee9\framework\web\CWebApplication.php(281): InstallController->init()
#4 C:\wamp\yii-1.1.14.f0fee9\framework\web\CWebApplication.php(141): CWebApplication->runController('rights/install')
#5 C:\wamp\yii-1.1.14.f0fee9\framework\base\CApplication.php(180): CWebApplication->processRequest()
#6 C:\wamp\www\freelancerjob-test\index.php(13): CApplication->run()
#7 {main}
REQUEST_URI=/freelancerjob-test/index.php/rights/install
---
2013/11/04 21:27:36 [error] [system.db.CDbCommand] CDbCommand::fetchColumn() failed: SQLSTATE[42S02]: Base table or view not found: 1146 Table 'freelancerjob.authitem' doesn't exist. The SQL statement executed was: SELECT COUNT(*) FROM AuthItem.
in C:\wamp\www\freelancerjob-test\protected\modules\rights\components\RInstaller.php (180)
in C:\wamp\www\freelancerjob-test\protected\modules\rights\controllers\InstallController.php (43)
in C:\wamp\www\freelancerjob-test\index.php (13)
2013/11/04 21:27:42 [error] [system.db.CDbCommand] CDbCommand::fetchAll() failed: SQLSTATE[42S02]: Base table or view not found: 1146 Table 'freelancerjob.authassignment' doesn't exist. The SQL statement executed was: SELECT *
FROM `AuthAssignment`
WHERE userid=:userid.
in C:\wamp\www\freelancerjob-test\protected\modules\rights\components\RAuthorizer.php (341)
in C:\wamp\www\freelancerjob-test\protected\modules\rights\components\RWebUser.php (21)
in C:\wamp\www\freelancerjob-test\protected\modules\user\models\UserLogin.php (57)
2013/11/04 21:27:42 [error] [exception.CDbException] exception 'CDbException' with message 'CDbCommand ha riportato un errore nell'esecuzione della query SQL: SQLSTATE[42S02]: Base table or view not found: 1146 Table 'freelancerjob.authassignment' doesn't exist. The SQL statement executed was: SELECT *
FROM `AuthAssignment`
WHERE userid=:userid' in C:\wamp\yii-1.1.14.f0fee9\framework\db\CDbCommand.php:543
Stack trace:
#0 C:\wamp\yii-1.1.14.f0fee9\framework\db\CDbCommand.php(396): CDbCommand->queryInternal('fetchAll', Array, Array)
#1 C:\wamp\yii-1.1.14.f0fee9\framework\web\auth\CDbAuthManager.php(337): CDbCommand->queryAll()
#2 C:\wamp\www\freelancerjob-test\protected\modules\rights\components\RAuthorizer.php(341): CDbAuthManager->getAuthAssignments('1')
#3 C:\wamp\www\freelancerjob-test\protected\modules\rights\components\RWebUser.php(21): RAuthorizer->isSuperuser('1')
#4 C:\wamp\yii-1.1.14.f0fee9\framework\web\auth\CWebUser.php(246): RWebUser->afterLogin(false)
#5 C:\wamp\www\freelancerjob-test\protected\modules\user\models\UserLogin.php(57): CWebUser->login(Object(UserIdentity), 0)
#6 C:\wamp\yii-1.1.14.f0fee9\framework\validators\CInlineValidator.php(42): UserLogin->authenticate('password', Array)
#7 C:\wamp\yii-1.1.14.f0fee9\framework\validators\CValidator.php(213): CInlineValidator->validateAttribute(Object(UserLogin), 'password')
#8 C:\wamp\yii-1.1.14.f0fee9\framework\base\CModel.php(159): CValidator->validate(Object(UserLogin), NULL)
#9 C:\wamp\www\freelancerjob-test\protected\modules\user\controllers\LoginController.php(19): CModel->validate()
#10 C:\wamp\yii-1.1.14.f0fee9\framework\web\actions\CInlineAction.php(49): LoginController->actionLogin()
#11 C:\wamp\yii-1.1.14.f0fee9\framework\web\CController.php(308): CInlineAction->runWithParams(Array)
#12 C:\wamp\yii-1.1.14.f0fee9\framework\web\CController.php(286): CController->runAction(Object(CInlineAction))
#13 C:\wamp\yii-1.1.14.f0fee9\framework\web\CController.php(265): CController->runActionWithFilters(Object(CInlineAction), Array)
#14 C:\wamp\yii-1.1.14.f0fee9\framework\web\CWebApplication.php(282): CController->run('')
#15 C:\wamp\yii-1.1.14.f0fee9\framework\web\CWebApplication.php(141): CWebApplication->runController('user/login')
#16 C:\wamp\yii-1.1.14.f0fee9\framework\base\CApplication.php(180): CWebApplication->processRequest()
#17 C:\wamp\www\freelancerjob-test\index.php(13): CApplication->run()
#18 {main}
REQUEST_URI=/freelancerjob-test/index.php/user/login
HTTP_REFERER=http://localhost/freelancerjob-test/index.php/user/login
---
2013/11/04 21:28:00 [error] [system.db.CDbCommand] CDbCommand::fetchColumn() failed: SQLSTATE[42S02]: Base table or view not found: 1146 Table 'freelancerjob.authitem' doesn't exist. The SQL statement executed was: SELECT COUNT(*) FROM AuthItem.
in C:\wamp\www\freelancerjob-test\protected\modules\rights\components\RInstaller.php (180)
in C:\wamp\www\freelancerjob-test\protected\modules\rights\controllers\InstallController.php (43)
in C:\wamp\www\freelancerjob-test\index.php (13)
2013/11/04 21:28:18 [error] [system.db.CDbCommand] CDbCommand::fetchColumn() failed: SQLSTATE[42S02]: Base table or view not found: 1146 Table 'freelancerjob.authitem' doesn't exist. The SQL statement executed was: SELECT COUNT(*) FROM AuthItem.
in C:\wamp\www\freelancerjob-test\protected\modules\rights\components\RInstaller.php (180)
in C:\wamp\www\freelancerjob-test\protected\modules\rights\controllers\InstallController.php (43)
in C:\wamp\www\freelancerjob-test\index.php (13)
2013/11/04 21:30:22 [error] [system.db.CDbCommand] CDbCommand::fetchColumn() failed: SQLSTATE[42S02]: Base table or view not found: 1146 Table 'freelancerjob.authitem' doesn't exist. The SQL statement executed was: SELECT COUNT(*) FROM AuthItem.
in C:\wamp\www\freelancerjob-test\protected\modules\rights\components\RInstaller.php (180)
in C:\wamp\www\freelancerjob-test\protected\modules\rights\controllers\InstallController.php (43)
in C:\wamp\www\freelancerjob-test\index.php (13)
2013/11/04 21:30:45 [error] [exception.CHttpException.404] exception 'CHttpException' with message 'Il sistema non ha potuto trovare l'azione "rights" richiesta.' in C:\wamp\yii-1.1.14.f0fee9\framework\web\CController.php:483
Stack trace:
#0 C:\wamp\yii-1.1.14.f0fee9\framework\web\CController.php(270): CController->missingAction('rights')
#1 C:\wamp\yii-1.1.14.f0fee9\framework\web\CWebApplication.php(282): CController->run('rights')
#2 C:\wamp\yii-1.1.14.f0fee9\framework\web\CWebApplication.php(141): CWebApplication->runController('site/rights/ins...')
#3 C:\wamp\yii-1.1.14.f0fee9\framework\base\CApplication.php(180): CWebApplication->processRequest()
#4 C:\wamp\www\freelancerjob-test\index.php(13): CApplication->run()
#5 {main}
REQUEST_URI=/freelancerjob-test/index.php/site/rights/install
---
2013/11/04 21:30:52 [error] [exception.CHttpException.404] exception 'CHttpException' with message 'Il sistema non ha potuto trovare l'azione "rights" richiesta.' in C:\wamp\yii-1.1.14.f0fee9\framework\web\CController.php:483
Stack trace:
#0 C:\wamp\yii-1.1.14.f0fee9\framework\web\CController.php(270): CController->missingAction('rights')
#1 C:\wamp\yii-1.1.14.f0fee9\framework\web\CWebApplication.php(282): CController->run('rights')
#2 C:\wamp\yii-1.1.14.f0fee9\framework\web\CWebApplication.php(141): CWebApplication->runController('site/rights')
#3 C:\wamp\yii-1.1.14.f0fee9\framework\base\CApplication.php(180): CWebApplication->processRequest()
#4 C:\wamp\www\freelancerjob-test\index.php(13): CApplication->run()
#5 {main}
REQUEST_URI=/freelancerjob-test/index.php/site/rights
---
2013/11/04 21:30:54 [error] [system.db.CDbCommand] CDbCommand::fetchColumn() failed: SQLSTATE[42S02]: Base table or view not found: 1146 Table 'freelancerjob.authitem' doesn't exist. The SQL statement executed was: SELECT COUNT(*) FROM AuthItem.
in C:\wamp\www\freelancerjob-test\protected\modules\rights\components\RInstaller.php (180)
in C:\wamp\www\freelancerjob-test\protected\modules\rights\controllers\InstallController.php (43)
in C:\wamp\www\freelancerjob-test\index.php (13)
2013/11/04 21:30:58 [error] [system.db.CDbCommand] CDbCommand::fetchAll() failed: SQLSTATE[42S02]: Base table or view not found: 1146 Table 'freelancerjob.authassignment' doesn't exist. The SQL statement executed was: SELECT *
FROM `AuthAssignment`
WHERE userid=:userid.
in C:\wamp\www\freelancerjob-test\protected\modules\rights\components\RAuthorizer.php (341)
in C:\wamp\www\freelancerjob-test\protected\modules\rights\components\RWebUser.php (21)
in C:\wamp\www\freelancerjob-test\protected\modules\user\models\UserLogin.php (57)
2013/11/04 21:30:58 [error] [exception.CDbException] exception 'CDbException' with message 'CDbCommand ha riportato un errore nell'esecuzione della query SQL: SQLSTATE[42S02]: Base table or view not found: 1146 Table 'freelancerjob.authassignment' doesn't exist. The SQL statement executed was: SELECT *
FROM `AuthAssignment`
WHERE userid=:userid' in C:\wamp\yii-1.1.14.f0fee9\framework\db\CDbCommand.php:543
Stack trace:
#0 C:\wamp\yii-1.1.14.f0fee9\framework\db\CDbCommand.php(396): CDbCommand->queryInternal('fetchAll', Array, Array)
#1 C:\wamp\yii-1.1.14.f0fee9\framework\web\auth\CDbAuthManager.php(337): CDbCommand->queryAll()
#2 C:\wamp\www\freelancerjob-test\protected\modules\rights\components\RAuthorizer.php(341): CDbAuthManager->getAuthAssignments('1')
#3 C:\wamp\www\freelancerjob-test\protected\modules\rights\components\RWebUser.php(21): RAuthorizer->isSuperuser('1')
#4 C:\wamp\yii-1.1.14.f0fee9\framework\web\auth\CWebUser.php(246): RWebUser->afterLogin(false)
#5 C:\wamp\www\freelancerjob-test\protected\modules\user\models\UserLogin.php(57): CWebUser->login(Object(UserIdentity), 0)
#6 C:\wamp\yii-1.1.14.f0fee9\framework\validators\CInlineValidator.php(42): UserLogin->authenticate('password', Array)
#7 C:\wamp\yii-1.1.14.f0fee9\framework\validators\CValidator.php(213): CInlineValidator->validateAttribute(Object(UserLogin), 'password')
#8 C:\wamp\yii-1.1.14.f0fee9\framework\base\CModel.php(159): CValidator->validate(Object(UserLogin), NULL)
#9 C:\wamp\www\freelancerjob-test\protected\modules\user\controllers\LoginController.php(19): CModel->validate()
#10 C:\wamp\yii-1.1.14.f0fee9\framework\web\actions\CInlineAction.php(49): LoginController->actionLogin()
#11 C:\wamp\yii-1.1.14.f0fee9\framework\web\CController.php(308): CInlineAction->runWithParams(Array)
#12 C:\wamp\yii-1.1.14.f0fee9\framework\web\CController.php(286): CController->runAction(Object(CInlineAction))
#13 C:\wamp\yii-1.1.14.f0fee9\framework\web\CController.php(265): CController->runActionWithFilters(Object(CInlineAction), Array)
#14 C:\wamp\yii-1.1.14.f0fee9\framework\web\CWebApplication.php(282): CController->run('')
#15 C:\wamp\yii-1.1.14.f0fee9\framework\web\CWebApplication.php(141): CWebApplication->runController('user/login')
#16 C:\wamp\yii-1.1.14.f0fee9\framework\base\CApplication.php(180): CWebApplication->processRequest()
#17 C:\wamp\www\freelancerjob-test\index.php(13): CApplication->run()
#18 {main}
REQUEST_URI=/freelancerjob-test/index.php/user/login
HTTP_REFERER=http://localhost/freelancerjob-test/index.php/user/login
---
2013/11/04 21:32:59 [error] [exception.CHttpException.403] exception 'CHttpException' with message 'There must be at least one superuser!' in C:\wamp\www\freelancerjob-test\protected\modules\rights\components\RAuthorizer.php:305
Stack trace:
#0 C:\wamp\www\freelancerjob-test\protected\modules\rights\controllers\AssignmentController.php(51): RAuthorizer->getSuperusers()
#1 C:\wamp\yii-1.1.14.f0fee9\framework\web\CController.php(1144): AssignmentController->accessRules()
#2 C:\wamp\yii-1.1.14.f0fee9\framework\web\filters\CInlineFilter.php(58): CController->filterAccessControl(Object(CFilterChain))
#3 C:\wamp\yii-1.1.14.f0fee9\framework\web\filters\CFilterChain.php(130): CInlineFilter->filter(Object(CFilterChain))
#4 C:\wamp\yii-1.1.14.f0fee9\framework\web\CController.php(291): CFilterChain->run()
#5 C:\wamp\yii-1.1.14.f0fee9\framework\web\CController.php(265): CController->runActionWithFilters(Object(CInlineAction), Array)
#6 C:\wamp\yii-1.1.14.f0fee9\framework\web\CWebApplication.php(282): CController->run('')
#7 C:\wamp\yii-1.1.14.f0fee9\framework\web\CWebApplication.php(141): CWebApplication->runController('rights')
#8 C:\wamp\yii-1.1.14.f0fee9\framework\base\CApplication.php(180): CWebApplication->processRequest()
#9 C:\wamp\www\freelancerjob-test\index.php(13): CApplication->run()
#10 {main}
REQUEST_URI=/freelancerjob-test/index.php/rights
HTTP_REFERER=http://localhost/freelancerjob-test/index.php/user/profile
---
2013/11/04 21:33:08 [error] [exception.CHttpException.403] exception 'CHttpException' with message 'There must be at least one superuser!' in C:\wamp\www\freelancerjob-test\protected\modules\rights\components\RAuthorizer.php:305
Stack trace:
#0 C:\wamp\www\freelancerjob-test\protected\modules\rights\controllers\AssignmentController.php(51): RAuthorizer->getSuperusers()
#1 C:\wamp\yii-1.1.14.f0fee9\framework\web\CController.php(1144): AssignmentController->accessRules()
#2 C:\wamp\yii-1.1.14.f0fee9\framework\web\filters\CInlineFilter.php(58): CController->filterAccessControl(Object(CFilterChain))
#3 C:\wamp\yii-1.1.14.f0fee9\framework\web\filters\CFilterChain.php(130): CInlineFilter->filter(Object(CFilterChain))
#4 C:\wamp\yii-1.1.14.f0fee9\framework\web\CController.php(291): CFilterChain->run()
#5 C:\wamp\yii-1.1.14.f0fee9\framework\web\CController.php(265): CController->runActionWithFilters(Object(CInlineAction), Array)
#6 C:\wamp\yii-1.1.14.f0fee9\framework\web\CWebApplication.php(282): CController->run('')
#7 C:\wamp\yii-1.1.14.f0fee9\framework\web\CWebApplication.php(141): CWebApplication->runController('rights')
#8 C:\wamp\yii-1.1.14.f0fee9\framework\base\CApplication.php(180): CWebApplication->processRequest()
#9 C:\wamp\www\freelancerjob-test\index.php(13): CApplication->run()
#10 {main}
REQUEST_URI=/freelancerjob-test/index.php/rights
HTTP_REFERER=http://localhost/freelancerjob-test/index.php
---
2013/11/04 21:33:40 [error] [exception.CHttpException.403] exception 'CHttpException' with message 'There must be at least one superuser!' in C:\wamp\www\freelancerjob-test\protected\modules\rights\components\RAuthorizer.php:305
Stack trace:
#0 C:\wamp\www\freelancerjob-test\protected\modules\rights\controllers\AssignmentController.php(51): RAuthorizer->getSuperusers()
#1 C:\wamp\yii-1.1.14.f0fee9\framework\web\CController.php(1144): AssignmentController->accessRules()
#2 C:\wamp\yii-1.1.14.f0fee9\framework\web\filters\CInlineFilter.php(58): CController->filterAccessControl(Object(CFilterChain))
#3 C:\wamp\yii-1.1.14.f0fee9\framework\web\filters\CFilterChain.php(130): CInlineFilter->filter(Object(CFilterChain))
#4 C:\wamp\yii-1.1.14.f0fee9\framework\web\CController.php(291): CFilterChain->run()
#5 C:\wamp\yii-1.1.14.f0fee9\framework\web\CController.php(265): CController->runActionWithFilters(Object(CInlineAction), Array)
#6 C:\wamp\yii-1.1.14.f0fee9\framework\web\CWebApplication.php(282): CController->run('')
#7 C:\wamp\yii-1.1.14.f0fee9\framework\web\CWebApplication.php(141): CWebApplication->runController('rights')
#8 C:\wamp\yii-1.1.14.f0fee9\framework\base\CApplication.php(180): CWebApplication->processRequest()
#9 C:\wamp\www\freelancerjob-test\index.php(13): CApplication->run()
#10 {main}
REQUEST_URI=/freelancerjob-test/index.php/rights
HTTP_REFERER=http://localhost/freelancerjob-test/index.php/user
---
2013/11/04 21:35:46 [error] [exception.CHttpException.403] exception 'CHttpException' with message 'There must be at least one superuser!' in C:\wamp\www\freelancerjob-test\protected\modules\rights\components\RAuthorizer.php:305
Stack trace:
#0 C:\wamp\www\freelancerjob-test\protected\modules\rights\controllers\AssignmentController.php(51): RAuthorizer->getSuperusers()
#1 C:\wamp\yii-1.1.14.f0fee9\framework\web\CController.php(1144): AssignmentController->accessRules()
#2 C:\wamp\yii-1.1.14.f0fee9\framework\web\filters\CInlineFilter.php(58): CController->filterAccessControl(Object(CFilterChain))
#3 C:\wamp\yii-1.1.14.f0fee9\framework\web\filters\CFilterChain.php(130): CInlineFilter->filter(Object(CFilterChain))
#4 C:\wamp\yii-1.1.14.f0fee9\framework\web\CController.php(291): CFilterChain->run()
#5 C:\wamp\yii-1.1.14.f0fee9\framework\web\CController.php(265): CController->runActionWithFilters(Object(CInlineAction), Array)
#6 C:\wamp\yii-1.1.14.f0fee9\framework\web\CWebApplication.php(282): CController->run('')
#7 C:\wamp\yii-1.1.14.f0fee9\framework\web\CWebApplication.php(141): CWebApplication->runController('rights')
#8 C:\wamp\yii-1.1.14.f0fee9\framework\base\CApplication.php(180): CWebApplication->processRequest()
#9 C:\wamp\www\freelancerjob-test\index.php(13): CApplication->run()
#10 {main}
REQUEST_URI=/freelancerjob-test/index.php?r=rights
HTTP_REFERER=http://localhost/freelancerjob-test/index.php?r=user/login
---
2013/11/04 21:35:52 [error] [exception.CHttpException.403] exception 'CHttpException' with message 'There must be at least one superuser!' in C:\wamp\www\freelancerjob-test\protected\modules\rights\components\RAuthorizer.php:305
Stack trace:
#0 C:\wamp\www\freelancerjob-test\protected\modules\rights\controllers\AssignmentController.php(51): RAuthorizer->getSuperusers()
#1 C:\wamp\yii-1.1.14.f0fee9\framework\web\CController.php(1144): AssignmentController->accessRules()
#2 C:\wamp\yii-1.1.14.f0fee9\framework\web\filters\CInlineFilter.php(58): CController->filterAccessControl(Object(CFilterChain))
#3 C:\wamp\yii-1.1.14.f0fee9\framework\web\filters\CFilterChain.php(130): CInlineFilter->filter(Object(CFilterChain))
#4 C:\wamp\yii-1.1.14.f0fee9\framework\web\CController.php(291): CFilterChain->run()
#5 C:\wamp\yii-1.1.14.f0fee9\framework\web\CController.php(265): CController->runActionWithFilters(Object(CInlineAction), Array)
#6 C:\wamp\yii-1.1.14.f0fee9\framework\web\CWebApplication.php(282): CController->run('')
#7 C:\wamp\yii-1.1.14.f0fee9\framework\web\CWebApplication.php(141): CWebApplication->runController('rights')
#8 C:\wamp\yii-1.1.14.f0fee9\framework\base\CApplication.php(180): CWebApplication->processRequest()
#9 C:\wamp\www\freelancerjob-test\index.php(13): CApplication->run()
#10 {main}
REQUEST_URI=/freelancerjob-test/index.php?r=rights
---
2013/11/04 21:35:58 [error] [exception.CHttpException.403] exception 'CHttpException' with message 'There must be at least one superuser!' in C:\wamp\www\freelancerjob-test\protected\modules\rights\components\RAuthorizer.php:305
Stack trace:
#0 C:\wamp\www\freelancerjob-test\protected\modules\rights\controllers\AssignmentController.php(51): RAuthorizer->getSuperusers()
#1 C:\wamp\yii-1.1.14.f0fee9\framework\web\CController.php(1144): AssignmentController->accessRules()
#2 C:\wamp\yii-1.1.14.f0fee9\framework\web\filters\CInlineFilter.php(58): CController->filterAccessControl(Object(CFilterChain))
#3 C:\wamp\yii-1.1.14.f0fee9\framework\web\filters\CFilterChain.php(130): CInlineFilter->filter(Object(CFilterChain))
#4 C:\wamp\yii-1.1.14.f0fee9\framework\web\CController.php(291): CFilterChain->run()
#5 C:\wamp\yii-1.1.14.f0fee9\framework\web\CController.php(265): CController->runActionWithFilters(Object(CInlineAction), Array)
#6 C:\wamp\yii-1.1.14.f0fee9\framework\web\CWebApplication.php(282): CController->run('')
#7 C:\wamp\yii-1.1.14.f0fee9\framework\web\CWebApplication.php(141): CWebApplication->runController('rights')
#8 C:\wamp\yii-1.1.14.f0fee9\framework\base\CApplication.php(180): CWebApplication->processRequest()
#9 C:\wamp\www\freelancerjob-test\index.php(13): CApplication->run()
#10 {main}
REQUEST_URI=/freelancerjob-test/index.php?r=rights
---
2013/11/04 21:37:08 [error] [exception.CHttpException.403] exception 'CHttpException' with message 'There must be at least one superuser!' in C:\wamp\www\freelancerjob-test\protected\modules\rights\components\RAuthorizer.php:305
Stack trace:
#0 C:\wamp\www\freelancerjob-test\protected\modules\rights\controllers\AssignmentController.php(51): RAuthorizer->getSuperusers()
#1 C:\wamp\yii-1.1.14.f0fee9\framework\web\CController.php(1144): AssignmentController->accessRules()
#2 C:\wamp\yii-1.1.14.f0fee9\framework\web\filters\CInlineFilter.php(58): CController->filterAccessControl(Object(CFilterChain))
#3 C:\wamp\yii-1.1.14.f0fee9\framework\web\filters\CFilterChain.php(130): CInlineFilter->filter(Object(CFilterChain))
#4 C:\wamp\yii-1.1.14.f0fee9\framework\web\CController.php(291): CFilterChain->run()
#5 C:\wamp\yii-1.1.14.f0fee9\framework\web\CController.php(265): CController->runActionWithFilters(Object(CInlineAction), Array)
#6 C:\wamp\yii-1.1.14.f0fee9\framework\web\CWebApplication.php(282): CController->run('')
#7 C:\wamp\yii-1.1.14.f0fee9\framework\web\CWebApplication.php(141): CWebApplication->runController('rights')
#8 C:\wamp\yii-1.1.14.f0fee9\framework\base\CApplication.php(180): CWebApplication->processRequest()
#9 C:\wamp\www\freelancerjob-test\index.php(13): CApplication->run()
#10 {main}
REQUEST_URI=/freelancerjob-test/index.php?r=rights
---
2013/11/04 21:37:19 [error] [exception.CHttpException.403] exception 'CHttpException' with message 'There must be at least one superuser!' in C:\wamp\www\freelancerjob-test\protected\modules\rights\components\RAuthorizer.php:305
Stack trace:
#0 C:\wamp\www\freelancerjob-test\protected\modules\rights\controllers\InstallController.php(61): RAuthorizer->getSuperusers()
#1 C:\wamp\yii-1.1.14.f0fee9\framework\web\CController.php(1144): InstallController->accessRules()
#2 C:\wamp\yii-1.1.14.f0fee9\framework\web\filters\CInlineFilter.php(58): CController->filterAccessControl(Object(CFilterChain))
#3 C:\wamp\yii-1.1.14.f0fee9\framework\web\filters\CFilterChain.php(130): CInlineFilter->filter(Object(CFilterChain))
#4 C:\wamp\yii-1.1.14.f0fee9\framework\web\CController.php(291): CFilterChain->run()
#5 C:\wamp\yii-1.1.14.f0fee9\framework\web\CController.php(265): CController->runActionWithFilters(Object(CInlineAction), Array)
#6 C:\wamp\yii-1.1.14.f0fee9\framework\web\CWebApplication.php(282): CController->run('')
#7 C:\wamp\yii-1.1.14.f0fee9\framework\web\CWebApplication.php(141): CWebApplication->runController('rights')
#8 C:\wamp\yii-1.1.14.f0fee9\framework\base\CApplication.php(180): CWebApplication->processRequest()
#9 C:\wamp\www\freelancerjob-test\index.php(13): CApplication->run()
#10 {main}
REQUEST_URI=/freelancerjob-test/index.php?r=rights
---
2013/11/04 21:37:20 [error] [exception.CHttpException.403] exception 'CHttpException' with message 'There must be at least one superuser!' in C:\wamp\www\freelancerjob-test\protected\modules\rights\components\RAuthorizer.php:305
Stack trace:
#0 C:\wamp\www\freelancerjob-test\protected\modules\rights\controllers\InstallController.php(61): RAuthorizer->getSuperusers()
#1 C:\wamp\yii-1.1.14.f0fee9\framework\web\CController.php(1144): InstallController->accessRules()
#2 C:\wamp\yii-1.1.14.f0fee9\framework\web\filters\CInlineFilter.php(58): CController->filterAccessControl(Object(CFilterChain))
#3 C:\wamp\yii-1.1.14.f0fee9\framework\web\filters\CFilterChain.php(130): CInlineFilter->filter(Object(CFilterChain))
#4 C:\wamp\yii-1.1.14.f0fee9\framework\web\CController.php(291): CFilterChain->run()
#5 C:\wamp\yii-1.1.14.f0fee9\framework\web\CController.php(265): CController->runActionWithFilters(Object(CInlineAction), Array)
#6 C:\wamp\yii-1.1.14.f0fee9\framework\web\CWebApplication.php(282): CController->run('')
#7 C:\wamp\yii-1.1.14.f0fee9\framework\web\CWebApplication.php(141): CWebApplication->runController('rights')
#8 C:\wamp\yii-1.1.14.f0fee9\framework\base\CApplication.php(180): CWebApplication->processRequest()
#9 C:\wamp\www\freelancerjob-test\index.php(13): CApplication->run()
#10 {main}
REQUEST_URI=/freelancerjob-test/index.php?r=rights
---
2013/11/04 21:41:01 [error] [system.db.CDbCommand] CDbCommand::fetchColumn() failed: SQLSTATE[42S02]: Base table or view not found: 1146 Table 'freelancerjob.authitem' doesn't exist. The SQL statement executed was: SELECT COUNT(*) FROM AuthItem.
in C:\wamp\www\freelancerjob-test\protected\modules\rights\components\RInstaller.php (180)
in C:\wamp\www\freelancerjob-test\protected\modules\rights\controllers\InstallController.php (43)
in C:\wamp\www\freelancerjob-test\index.php (13)
2013/11/04 21:41:15 [error] [system.db.CDbCommand] CDbCommand::fetchColumn() failed: SQLSTATE[42S02]: Base table or view not found: 1146 Table 'freelancerjob.authitem' doesn't exist. The SQL statement executed was: SELECT COUNT(*) FROM AuthItem.
in C:\wamp\www\freelancerjob-test\protected\modules\rights\components\RInstaller.php (180)
in C:\wamp\www\freelancerjob-test\protected\modules\rights\controllers\InstallController.php (43)
in C:\wamp\www\freelancerjob-test\index.php (13)
2013/11/04 21:41:27 [error] [system.db.CDbCommand] CDbCommand::fetchAll() failed: SQLSTATE[42S02]: Base table or view not found: 1146 Table 'freelancerjob.authassignment' doesn't exist. The SQL statement executed was: SELECT *
FROM `AuthAssignment`
WHERE userid=:userid.
in C:\wamp\www\freelancerjob-test\protected\modules\rights\components\RAuthorizer.php (341)
in C:\wamp\www\freelancerjob-test\protected\modules\rights\components\RWebUser.php (21)
in C:\wamp\www\freelancerjob-test\protected\modules\user\models\UserLogin.php (57)
2013/11/04 21:41:27 [error] [exception.CDbException] exception 'CDbException' with message 'CDbCommand ha riportato un errore nell'esecuzione della query SQL: SQLSTATE[42S02]: Base table or view not found: 1146 Table 'freelancerjob.authassignment' doesn't exist. The SQL statement executed was: SELECT *
FROM `AuthAssignment`
WHERE userid=:userid' in C:\wamp\yii-1.1.14.f0fee9\framework\db\CDbCommand.php:543
Stack trace:
#0 C:\wamp\yii-1.1.14.f0fee9\framework\db\CDbCommand.php(396): CDbCommand->queryInternal('fetchAll', Array, Array)
#1 C:\wamp\yii-1.1.14.f0fee9\framework\web\auth\CDbAuthManager.php(337): CDbCommand->queryAll()
#2 C:\wamp\www\freelancerjob-test\protected\modules\rights\components\RAuthorizer.php(341): CDbAuthManager->getAuthAssignments('1')
#3 C:\wamp\www\freelancerjob-test\protected\modules\rights\components\RWebUser.php(21): RAuthorizer->isSuperuser('1')
#4 C:\wamp\yii-1.1.14.f0fee9\framework\web\auth\CWebUser.php(246): RWebUser->afterLogin(false)
#5 C:\wamp\www\freelancerjob-test\protected\modules\user\models\UserLogin.php(57): CWebUser->login(Object(UserIdentity), 0)
#6 C:\wamp\yii-1.1.14.f0fee9\framework\validators\CInlineValidator.php(42): UserLogin->authenticate('password', Array)
#7 C:\wamp\yii-1.1.14.f0fee9\framework\validators\CValidator.php(213): CInlineValidator->validateAttribute(Object(UserLogin), 'password')
#8 C:\wamp\yii-1.1.14.f0fee9\framework\base\CModel.php(159): CValidator->validate(Object(UserLogin), NULL)
#9 C:\wamp\www\freelancerjob-test\protected\modules\user\controllers\LoginController.php(19): CModel->validate()
#10 C:\wamp\yii-1.1.14.f0fee9\framework\web\actions\CInlineAction.php(49): LoginController->actionLogin()
#11 C:\wamp\yii-1.1.14.f0fee9\framework\web\CController.php(308): CInlineAction->runWithParams(Array)
#12 C:\wamp\yii-1.1.14.f0fee9\framework\web\CController.php(286): CController->runAction(Object(CInlineAction))
#13 C:\wamp\yii-1.1.14.f0fee9\framework\web\CController.php(265): CController->runActionWithFilters(Object(CInlineAction), Array)
#14 C:\wamp\yii-1.1.14.f0fee9\framework\web\CWebApplication.php(282): CController->run('')
#15 C:\wamp\yii-1.1.14.f0fee9\framework\web\CWebApplication.php(141): CWebApplication->runController('user/login')
#16 C:\wamp\yii-1.1.14.f0fee9\framework\base\CApplication.php(180): CWebApplication->processRequest()
#17 C:\wamp\www\freelancerjob-test\index.php(13): CApplication->run()
#18 {main}
REQUEST_URI=/freelancerjob-test/index.php?r=user/login
HTTP_REFERER=http://localhost/freelancerjob-test/index.php?r=user/login
---
2013/11/04 21:41:45 [error] [system.db.CDbCommand] CDbCommand::fetchColumn() failed: SQLSTATE[42S02]: Base table or view not found: 1146 Table 'freelancerjob.authitem' doesn't exist. The SQL statement executed was: SELECT COUNT(*) FROM AuthItem.
in C:\wamp\www\freelancerjob-test\protected\modules\rights\components\RInstaller.php (180)
in C:\wamp\www\freelancerjob-test\protected\modules\rights\controllers\InstallController.php (43)
in C:\wamp\www\freelancerjob-test\index.php (13)
2013/11/04 21:47:20 [error] [system.db.CDbCommand] CDbCommand::fetchAll() failed: SQLSTATE[42S02]: Base table or view not found: 1146 Table 'freelancerjob.{{users}}' doesn't exist. The SQL statement executed was: SHOW FULL COLUMNS FROM `{{users}}`.
in C:\wamp\www\freelancerjob-test\protected\modules\user\components\UserIdentity.php (27)
in C:\wamp\www\freelancerjob-test\protected\modules\user\components\UserIdentity.php (27)
in C:\wamp\www\freelancerjob-test\protected\modules\user\models\UserLogin.php (52)
2013/11/04 21:47:20 [error] [exception.CDbException] exception 'CDbException' with message 'La tabella "{{users}}" definita nella classe active record "User" non è presente nel DB.' in C:\wamp\yii-1.1.14.f0fee9\framework\db\ar\CActiveRecord.php:2362
Stack trace:
#0 C:\wamp\yii-1.1.14.f0fee9\framework\db\ar\CActiveRecord.php(411): CActiveRecordMetaData->__construct(Object(User))
#1 C:\wamp\yii-1.1.14.f0fee9\framework\db\ar\CActiveRecord.php(212): CActiveRecord->getMetaData()
#2 C:\wamp\www\freelancerjob-test\protected\modules\user\components\UserIdentity.php(27): CActiveRecord->__call('notsafe', Array)
#3 C:\wamp\www\freelancerjob-test\protected\modules\user\components\UserIdentity.php(27): User->notsafe()
#4 C:\wamp\www\freelancerjob-test\protected\modules\user\models\UserLogin.php(52): UserIdentity->authenticate()
#5 C:\wamp\yii-1.1.14.f0fee9\framework\validators\CInlineValidator.php(42): UserLogin->authenticate('password', Array)
#6 C:\wamp\yii-1.1.14.f0fee9\framework\validators\CValidator.php(213): CInlineValidator->validateAttribute(Object(UserLogin), 'password')
#7 C:\wamp\yii-1.1.14.f0fee9\framework\base\CModel.php(159): CValidator->validate(Object(UserLogin), NULL)
#8 C:\wamp\www\freelancerjob-test\protected\modules\user\controllers\LoginController.php(19): CModel->validate()
#9 C:\wamp\yii-1.1.14.f0fee9\framework\web\actions\CInlineAction.php(49): LoginController->actionLogin()
#10 C:\wamp\yii-1.1.14.f0fee9\framework\web\CController.php(308): CInlineAction->runWithParams(Array)
#11 C:\wamp\yii-1.1.14.f0fee9\framework\web\CController.php(286): CController->runAction(Object(CInlineAction))
#12 C:\wamp\yii-1.1.14.f0fee9\framework\web\CController.php(265): CController->runActionWithFilters(Object(CInlineAction), Array)
#13 C:\wamp\yii-1.1.14.f0fee9\framework\web\CWebApplication.php(282): CController->run('')
#14 C:\wamp\yii-1.1.14.f0fee9\framework\web\CWebApplication.php(141): CWebApplication->runController('user/login')
#15 C:\wamp\yii-1.1.14.f0fee9\framework\base\CApplication.php(180): CWebApplication->processRequest()
#16 C:\wamp\www\freelancerjob-test\index.php(13): CApplication->run()
#17 {main}
REQUEST_URI=/freelancerjob-test/index.php?r=user/login
HTTP_REFERER=http://localhost/freelancerjob-test/index.php?r=user/login
---
